+ numero=-1
+ '[' -1 -ne 0 ']'
+ clear
+ echo '------ M E N U ------'
+ echo '1 - Primeira opção'
+ echo '2 - Segunda opção'
+ echo '3 - Terceira opção'
+ echo '0 - Sair'
+ true
+ read -p 'Opção: ' numero
+ echo 'DEBUG: Você digitou [1]'
+ [[ -n 1 ]]
+ break
+ '[' 1 -eq 1 ']'
+ echo 'Você escolheu a opção 1'
+ sleep 10
+ '[' 1 -ne 0 ']'
+ clear
+ echo '------ M E N U ------'
+ echo '1 - Primeira opção'
+ echo '2 - Segunda opção'
+ echo '3 - Terceira opção'
+ echo '0 - Sair'
+ true
+ read -p 'Opção: ' numero
+ echo 'DEBUG: Você digitou [2]'
+ [[ -n 2 ]]
+ break
+ '[' 2 -eq 1 ']'
+ '[' 2 -eq 2 ']'
+ echo 'Você escolheu a opção 2'
+ sleep 10
+ '[' 2 -ne 0 ']'
+ clear
+ echo '------ M E N U ------'
+ echo '1 - Primeira opção'
+ echo '2 - Segunda opção'
+ echo '3 - Terceira opção'
+ echo '0 - Sair'
+ true
+ read -p 'Opção: ' numero
+ echo 'DEBUG: Você digitou [3]'
+ [[ -n 3 ]]
+ break
+ '[' 3 -eq 1 ']'
+ '[' 3 -eq 2 ']'
+ echo 'Você escolheu a opção 0'
+ sleep 10
+ '[' 3 -ne 0 ']'
+ clear
+ echo '------ M E N U ------'
+ echo '1 - Primeira opção'
+ echo '2 - Segunda opção'
+ echo '3 - Terceira opção'
+ echo '0 - Sair'
+ true
+ read -p 'Opção: ' numero
+ echo 'DEBUG: Você digitou [3]'
+ [[ -n 3 ]]
+ break
+ '[' 3 -eq 1 ']'
+ '[' 3 -eq 2 ']'
+ echo 'Você escolheu a opção 0'
+ sleep 10
+ '[' 3 -ne 0 ']'
+ clear
+ echo '------ M E N U ------'
+ echo '1 - Primeira opção'
+ echo '2 - Segunda opção'
+ echo '3 - Terceira opção'
+ echo '0 - Sair'
+ true
+ read -p 'Opção: ' numero
+ echo 'DEBUG: Você digitou [0]'
+ [[ -n 0 ]]
+ break
+ '[' 0 -eq 1 ']'
+ '[' 0 -eq 2 ']'
+ echo 'Você escolheu a opção 0'
+ sleep 10
+ '[' 0 -ne 0 ']'
